<?xml version="1.0" encoding="UTF-8"?>
<!-- Generated by org.testng.reporters.JUnitXMLReporter -->
<testsuite hostname="hp" ignored="8" name="chromeBrowser" tests="6" failures="0" timestamp="01 Sep 2020 17:11:58 GMT" time="51.161" errors="0">
  <testcase name="ValidatingTitleOfTheHomePage" time="0.182" classname="com.SwitchED.TestCases.TC_01_Homepage"/>
  <testcase name="validatingSignUpPage" time="2.446" classname="com.SwitchED.TestCases.TC_02_SignUP"/>
  <testcase name="SignUpPage_validatingTermsAndCondition" time="5.299" classname="com.SwitchED.TestCases.TC_02_SignUP"/>
  <testcase name="validatingSignInLink" time="2.226" classname="com.SwitchED.TestCases.TC_02_SignUP"/>
  <testcase name="validatingSignUpFunctionality" time="12.201" classname="com.SwitchED.TestCases.TC_02_SignUP"/>
  <testcase name="SignInFunctionality" time="12.387" classname="com.SwitchED.TestCases.TC_03_SignIn"/>
  <testcase name="@BeforeSuite reportSetup" time="0.0" classname="com.SwitchED.Generics.Baseclass">
    <ignored/>
  </testcase> <!-- @BeforeSuite reportSetup -->
  <testcase name="@BeforeSuite reportSetup" time="0.0" classname="com.SwitchED.Generics.Baseclass">
    <ignored/>
  </testcase> <!-- @BeforeSuite reportSetup -->
  <testcase name="@AfterSuite reportEnd" time="0.0" classname="com.SwitchED.Generics.Baseclass">
    <ignored/>
  </testcase> <!-- @AfterSuite reportEnd -->
  <testcase name="@AfterSuite reportEnd" time="0.0" classname="com.SwitchED.Generics.Baseclass">
    <ignored/>
  </testcase> <!-- @AfterSuite reportEnd -->
  <testcase name="@BeforeTest browserSetup" time="0.0" classname="com.SwitchED.Generics.Baseclass">
    <ignored/>
  </testcase> <!-- @BeforeTest browserSetup -->
  <testcase name="@BeforeTest browserSetup" time="0.0" classname="com.SwitchED.Generics.Baseclass">
    <ignored/>
  </testcase> <!-- @BeforeTest browserSetup -->
  <testcase name="@AfterTest browserEnd" time="0.0" classname="com.SwitchED.Generics.Baseclass">
    <ignored/>
  </testcase> <!-- @AfterTest browserEnd -->
  <testcase name="@AfterTest browserEnd" time="0.0" classname="com.SwitchED.Generics.Baseclass">
    <ignored/>
  </testcase> <!-- @AfterTest browserEnd -->
</testsuite> <!-- chromeBrowser -->
