<?xml version="1.0" encoding="UTF-8"?>
<!-- Generated by org.testng.reporters.JUnitXMLReporter -->
<testsuite hostname="hp" ignored="4" name="chromeBrowser" tests="2" failures="0" timestamp="02 Sep 2020 17:29:55 GMT" time="74.379" errors="0">
  <testcase name="SignInFunctionality" time="5.409" classname="com.SwitchED.TestCases.TC_03_StudentSignIn"/>
  <testcase name="enrolClass" time="39.85" classname="com.SwitchED.TestCases.TC_04_ClassEnrol"/>
  <testcase name="@BeforeSuite reportSetup" time="0.0" classname="com.SwitchED.Generics.Baseclass">
    <ignored/>
  </testcase> <!-- @BeforeSuite reportSetup -->
  <testcase name="@AfterSuite reportEnd" time="0.0" classname="com.SwitchED.Generics.Baseclass">
    <ignored/>
  </testcase> <!-- @AfterSuite reportEnd -->
  <testcase name="@BeforeTest browserSetup" time="0.0" classname="com.SwitchED.Generics.Baseclass">
    <ignored/>
  </testcase> <!-- @BeforeTest browserSetup -->
  <testcase name="@AfterTest browserEnd" time="0.0" classname="com.SwitchED.Generics.Baseclass">
    <ignored/>
  </testcase> <!-- @AfterTest browserEnd -->
</testsuite> <!-- chromeBrowser -->
